

=====================================PROGRAM HAD BEEN LAUNCHED======================================
[Mon Jun 12 18:24:12 2023] FoodMenuParser.__init__ was executed successfully in 0.000005s.
[Mon Jun 12 18:24:14 2023] FoodMenuParser._get_json_response_from_api was executed successfully in 1.407532s.
[Mon Jun 12 18:24:14 2023] FoodMenuParser.__determine_active_record was executed successfully in 0.000008s.
[Mon Jun 12 18:24:14 2023] FoodMenuParser.__extract_dishes_from_menu_items was executed successfully in 0.000005s.
[Mon Jun 12 18:24:14 2023] FoodMenuParser.__determine_active_record was executed successfully in 0.000006s.
[Mon Jun 12 18:24:14 2023] FoodMenuParser.__extract_dishes_from_menu_items was executed successfully in 0.000020s.
[Mon Jun 12 18:24:14 2023] FoodMenuParser.__determine_active_record was executed successfully in 0.000005s.
[Mon Jun 12 18:24:14 2023] FoodMenuParser.__extract_dishes_from_menu_items was executed successfully in 0.000014s.
[Mon Jun 12 18:24:14 2023] FoodMenuParser.__determine_active_record was executed successfully in 0.000005s.
[Mon Jun 12 18:24:14 2023] FoodMenuParser.__extract_dishes_from_menu_items was executed successfully in 0.000013s.
[Mon Jun 12 18:24:14 2023] FoodMenuParser.__determine_active_record was executed successfully in 0.000004s.
[Mon Jun 12 18:24:14 2023] FoodMenuParser.__extract_dishes_from_menu_items was executed successfully in 0.000013s.
[Mon Jun 12 18:24:14 2023] FoodMenuParser.__determine_active_record was executed successfully in 0.000004s.
[Mon Jun 12 18:24:14 2023] FoodMenuParser.__extract_dishes_from_menu_items was executed successfully in 0.000012s.
[Mon Jun 12 18:24:14 2023] FoodMenuParser.__process_days_of_food_intake was executed successfully in 0.000605s.
[Mon Jun 12 18:24:15 2023] FoodMenuParser._get_json_response_from_api was executed successfully in 1.212083s.
[Mon Jun 12 18:24:15 2023] FoodMenuParser.__determine_active_record was executed successfully in 0.000004s.
[Mon Jun 12 18:24:15 2023] FoodMenuParser.__extract_dishes_from_menu_items was executed successfully in 0.000004s.
[Mon Jun 12 18:24:15 2023] FoodMenuParser.__determine_active_record was executed successfully in 0.000003s.
[Mon Jun 12 18:24:15 2023] FoodMenuParser.__extract_dishes_from_menu_items was executed successfully in 0.000035s.
[Mon Jun 12 18:24:15 2023] FoodMenuParser.__determine_active_record was executed successfully in 0.000003s.
[Mon Jun 12 18:24:15 2023] FoodMenuParser.__extract_dishes_from_menu_items was executed successfully in 0.000029s.
[Mon Jun 12 18:24:15 2023] FoodMenuParser.__determine_active_record was executed successfully in 0.000003s.
[Mon Jun 12 18:24:15 2023] FoodMenuParser.__extract_dishes_from_menu_items was executed successfully in 0.000020s.
[Mon Jun 12 18:24:15 2023] FoodMenuParser.__determine_active_record was executed successfully in 0.000003s.
[Mon Jun 12 18:24:15 2023] FoodMenuParser.__extract_dishes_from_menu_items was executed successfully in 0.000020s.
[Mon Jun 12 18:24:15 2023] FoodMenuParser.__determine_active_record was executed successfully in 0.000003s.
[Mon Jun 12 18:24:15 2023] FoodMenuParser.__extract_dishes_from_menu_items was executed successfully in 0.000019s.
[Mon Jun 12 18:24:15 2023] FoodMenuParser.__process_days_of_food_intake was executed successfully in 0.000641s.
[Mon Jun 12 18:24:16 2023] FoodMenuParser._get_json_response_from_api was executed successfully in 1.209288s.
[Mon Jun 12 18:24:16 2023] FoodMenuParser.__determine_active_record was executed successfully in 0.000003s.
[Mon Jun 12 18:24:16 2023] FoodMenuParser.__extract_dishes_from_menu_items was executed successfully in 0.000004s.
[Mon Jun 12 18:24:16 2023] FoodMenuParser.__determine_active_record was executed successfully in 0.000003s.
[Mon Jun 12 18:24:16 2023] FoodMenuParser.__extract_dishes_from_menu_items was executed successfully in 0.000029s.
[Mon Jun 12 18:24:16 2023] FoodMenuParser.__determine_active_record was executed successfully in 0.000003s.
[Mon Jun 12 18:24:16 2023] FoodMenuParser.__extract_dishes_from_menu_items was executed successfully in 0.000017s.
[Mon Jun 12 18:24:16 2023] FoodMenuParser.__determine_active_record was executed successfully in 0.000003s.
[Mon Jun 12 18:24:16 2023] FoodMenuParser.__extract_dishes_from_menu_items was executed successfully in 0.000021s.
[Mon Jun 12 18:24:16 2023] FoodMenuParser.__determine_active_record was executed successfully in 0.000003s.
[Mon Jun 12 18:24:16 2023] FoodMenuParser.__extract_dishes_from_menu_items was executed successfully in 0.000016s.
[Mon Jun 12 18:24:16 2023] FoodMenuParser.__determine_active_record was executed successfully in 0.000003s.
[Mon Jun 12 18:24:16 2023] FoodMenuParser.__extract_dishes_from_menu_items was executed successfully in 0.000018s.
[Mon Jun 12 18:24:16 2023] FoodMenuParser.__process_days_of_food_intake was executed successfully in 0.000571s.
[Mon Jun 12 18:24:16 2023] FoodMenuParser.get_data was executed successfully in 3.835846s.
[Mon Jun 12 18:24:16 2023] DatabaseFoodMenuWriter.__init__ was executed successfully in 0.000015s.
[Mon Jun 12 18:24:16 2023] DatabaseFoodMenuWriter._connect was executed successfully in 0.004281s.
[Mon Jun 12 18:24:16 2023] DatabaseFoodMenuWriter.__enter__ was executed successfully in 0.004418s.
[Mon Jun 12 18:24:16 2023] DatabaseFoodMenuWriter._clear_food_menu was executed successfully in 0.003953s.
[Mon Jun 12 18:24:16 2023] DatabaseFoodMenuWriter._execute_data_writing was executed successfully in 0.000632s.
[Mon Jun 12 18:24:16 2023] DatabaseFoodMenuWriter.execute_food_menu_data_writing was executed successfully in 0.004804s.
[Mon Jun 12 18:24:16 2023] DatabaseFoodMenuWriter._commit_and_close_connection was executed successfully in 0.002410s.
[Mon Jun 12 18:24:16 2023] DatabaseFoodMenuWriter.__exit__ was executed successfully in 0.002545s.
